<?xml version="1.0" encoding="UTF-8"?>
<!-- Generated by org.testng.reporters.JUnitReportReporter -->
<testsuite skipped="0" hostname="ip-172-31-92-41" name="test.LoginTest" tests="3" failures="0" timestamp="09 Nov 2021 04:43:26 GMT" time="11.847" errors="0">
  <testcase name="NegativeLogin" time="3.841" classname="test.LoginTest"/>
  <testcase name="ExcelTest" time="3.917" classname="test.LoginTest"/>
  <testcase name="PositiveLogin" time="4.089" classname="test.LoginTest"/>
</testsuite> <!-- test.LoginTest -->
