<?xml version="1.0" encoding="UTF-8"?>
<!-- Generated by org.testng.reporters.JUnitReportReporter -->
<testsuite skipped="0" hostname="ip-172-31-92-41" name="test.LoginTest" tests="3" failures="0" timestamp="09 Nov 2021 07:04:58 GMT" time="11.357" errors="0">
  <testcase name="NegativeLogin" time="3.985" classname="test.LoginTest"/>
  <testcase name="PositiveLogin" time="3.327" classname="test.LoginTest"/>
  <testcase name="ExcelTest" time="4.045" classname="test.LoginTest"/>
</testsuite> <!-- test.LoginTest -->
